<?xml version="1.0" encoding="UTF-8"?>
<!-- Generated by org.testng.reporters.JUnitReportReporter -->
<testsuite skipped="0" hostname="mudit4653" name="nagarro.TestMercuryLogin" tests="3" failures="0" timestamp="10 Apr 2018 08:10:25 GMT" time="117.475" errors="0">
  <testcase name="verifyValidLogin" time="47.791" classname="nagarro.TestMercuryLogin"/>
  <testcase name="verifyValidLogin" time="54.821" classname="nagarro.TestMercuryLogin"/>
  <testcase name="verifyValidLogin" time="14.863" classname="nagarro.TestMercuryLogin"/>
</testsuite> <!-- nagarro.TestMercuryLogin -->
