<?xml version="1.0" encoding="UTF-8"?>
<!-- Generated by org.testng.reporters.JUnitReportReporter -->
<testsuite skipped="0" hostname="mudit4653" name="nagarro.TestBookFlight" tests="3" failures="0" timestamp="10 Apr 2018 08:10:25 GMT" time="57.869" errors="0">
  <testcase name="verifyValidLogin" time="19.742" classname="nagarro.TestBookFlight"/>
  <testcase name="verifyValidLogin" time="14.854" classname="nagarro.TestBookFlight"/>
  <testcase name="verifyValidLogin" time="23.273" classname="nagarro.TestBookFlight"/>
</testsuite> <!-- nagarro.TestBookFlight -->
