<?xml version="1.0" encoding="UTF-8"?>
<!-- Generated by org.testng.reporters.JUnitReportReporter -->
<testsuite skipped="0" hostname="mudit4653" name="nagarro.TestLogin" tests="1" failures="0" timestamp="09 Apr 2018 10:11:39 GMT" time="21.803" errors="0">
  <testcase name="verifyValidLogin" time="21.803" classname="nagarro.TestLogin"/>
</testsuite> <!-- nagarro.TestLogin -->
